2018-05-20 22:16:26  INFO src.graph.ConcreteGraph addVertex 加入顶点Emma
2018-05-20 22:16:26  INFO src.graph.ConcreteGraph addVertex 加入顶点Sophia
2018-05-20 22:16:26  INFO src.graph.ConcreteGraph addVertex 加入顶点Edith
2018-05-20 22:16:26  INFO src.graph.ConcreteGraph addVertex 加入顶点Kevin
2018-05-20 22:16:26  INFO src.graph.ConcreteGraph addEdge 加入边ES
2018-05-20 22:16:26  INFO src.graph.SocialNetwork addEdge 加入边ES
2018-05-20 22:16:26  INFO src.graph.ConcreteGraph addEdge 加入边ES1
2018-05-20 22:16:27  INFO src.graph.SocialNetwork addEdge 加入边ES1
2018-05-20 22:16:27  INFO src.graph.ConcreteGraph addEdge 加入边SE
2018-05-20 22:16:27  INFO src.graph.SocialNetwork addEdge 加入边SE
2018-05-20 22:16:27  INFO src.graph.ConcreteGraph addEdge 加入边EK
2018-05-20 22:16:27  INFO src.graph.SocialNetwork addEdge 加入边EK
2018-05-20 22:16:27  INFO src.graph.ConcreteGraph addEdge 加入边SE1
2018-05-20 22:16:27  INFO src.graph.SocialNetwork addEdge 加入边SE1
2018-05-20 22:16:27  INFO src.graph.ConcreteGraph addVertex 加入顶点Emma
2018-05-20 22:16:27  INFO src.graph.ConcreteGraph addVertex 加入顶点Sophia
2018-05-20 22:16:27  INFO src.graph.ConcreteGraph addVertex 加入顶点Edith
2018-05-20 22:16:27  INFO src.graph.ConcreteGraph addVertex 加入顶点Kevin
2018-05-20 22:16:27  INFO src.graph.ConcreteGraph addEdge 加入边ES
2018-05-20 22:16:27  INFO src.graph.SocialNetwork addEdge 加入边ES
2018-05-20 22:16:27  INFO src.graph.ConcreteGraph addEdge 加入边ES1
2018-05-20 22:16:27  INFO src.graph.SocialNetwork addEdge 加入边ES1
2018-05-20 22:16:27  INFO src.graph.ConcreteGraph addEdge 加入边SE
2018-05-20 22:16:27  INFO src.graph.SocialNetwork addEdge 加入边SE
2018-05-20 22:16:27  INFO src.graph.ConcreteGraph addEdge 加入边EK
2018-05-20 22:16:27  INFO src.graph.SocialNetwork addEdge 加入边EK
2018-05-20 22:16:27  INFO src.graph.ConcreteGraph addEdge 加入边SE1
2018-05-20 22:16:27  INFO src.graph.SocialNetwork addEdge 加入边SE1
2018-05-20 22:16:27  INFO src.graph.SocialNetwork removeEdge 删除边ES1
2018-05-20 22:16:27  INFO src.graph.ConcreteGraph addVertex 加入顶点Emma
2018-05-20 22:16:27  INFO src.graph.ConcreteGraph addVertex 加入顶点Sophia
2018-05-20 22:16:27  INFO src.graph.ConcreteGraph addVertex 加入顶点Edith
2018-05-20 22:16:27  INFO src.graph.ConcreteGraph addVertex 加入顶点Kevin
2018-05-20 22:16:27  INFO src.graph.ConcreteGraph addEdge 加入边ES
2018-05-20 22:16:27  INFO src.graph.SocialNetwork addEdge 加入边ES
2018-05-20 22:16:27  INFO src.graph.ConcreteGraph addEdge 加入边ES1
2018-05-20 22:16:27  INFO src.graph.SocialNetwork addEdge 加入边ES1
2018-05-20 22:16:27  INFO src.graph.ConcreteGraph addEdge 加入边SE
2018-05-20 22:16:27  INFO src.graph.SocialNetwork addEdge 加入边SE
2018-05-20 22:16:27  INFO src.graph.ConcreteGraph addEdge 加入边EK
2018-05-20 22:16:27  INFO src.graph.SocialNetwork addEdge 加入边EK
2018-05-20 22:16:27  INFO src.graph.ConcreteGraph addEdge 加入边SE1
2018-05-20 22:16:27  INFO src.graph.SocialNetwork addEdge 加入边SE1
2018-05-20 22:16:27  INFO src.graph.ConcreteGraph addVertex 加入顶点Emma
2018-05-20 22:16:27  INFO src.graph.ConcreteGraph addVertex 加入顶点Sophia
2018-05-20 22:16:27  INFO src.graph.ConcreteGraph addVertex 加入顶点Edith
2018-05-20 22:16:27  INFO src.graph.ConcreteGraph addVertex 加入顶点Kevin
2018-05-20 22:16:27  INFO src.graph.ConcreteGraph addEdge 加入边ES
2018-05-20 22:16:27  INFO src.graph.SocialNetwork addEdge 加入边ES
2018-05-20 22:16:27  INFO src.graph.ConcreteGraph addEdge 加入边ES1
2018-05-20 22:16:27  INFO src.graph.SocialNetwork addEdge 加入边ES1
2018-05-20 22:16:27  INFO src.graph.ConcreteGraph addEdge 加入边SE
2018-05-20 22:16:27  INFO src.graph.SocialNetwork addEdge 加入边SE
2018-05-20 22:16:27  INFO src.graph.ConcreteGraph addEdge 加入边EK
2018-05-20 22:16:27  INFO src.graph.SocialNetwork addEdge 加入边EK
2018-05-20 22:16:27  INFO src.graph.ConcreteGraph addEdge 加入边SE1
2018-05-20 22:16:27  INFO src.graph.SocialNetwork addEdge 加入边SE1
2018-05-20 22:16:27  INFO src.graph.ConcreteGraph addVertex 加入顶点some
2018-05-20 22:16:27  INFO src.graph.ConcreteGraph addVertex 加入顶点Emma
2018-05-20 22:16:27  INFO src.graph.ConcreteGraph addVertex 加入顶点Sophia
2018-05-20 22:16:27  INFO src.graph.ConcreteGraph addVertex 加入顶点Edith
2018-05-20 22:16:27  INFO src.graph.ConcreteGraph addVertex 加入顶点Kevin
2018-05-20 22:16:27  INFO src.graph.ConcreteGraph addEdge 加入边ES
2018-05-20 22:16:27  INFO src.graph.SocialNetwork addEdge 加入边ES
2018-05-20 22:16:27  INFO src.graph.ConcreteGraph addEdge 加入边ES1
2018-05-20 22:16:27  INFO src.graph.SocialNetwork addEdge 加入边ES1
2018-05-20 22:16:27  INFO src.graph.ConcreteGraph addEdge 加入边SE
2018-05-20 22:16:27  INFO src.graph.SocialNetwork addEdge 加入边SE
2018-05-20 22:16:27  INFO src.graph.ConcreteGraph addEdge 加入边EK
2018-05-20 22:16:27  INFO src.graph.SocialNetwork addEdge 加入边EK
2018-05-20 22:16:27  INFO src.graph.ConcreteGraph addEdge 加入边SE1
2018-05-20 22:16:27  INFO src.graph.SocialNetwork addEdge 加入边SE1
2018-05-20 22:16:27  INFO src.graph.ConcreteGraph addVertex 加入顶点Emma
2018-05-20 22:16:27  INFO src.graph.ConcreteGraph addVertex 加入顶点Sophia
2018-05-20 22:16:27  INFO src.graph.ConcreteGraph addVertex 加入顶点Edith
2018-05-20 22:16:27  INFO src.graph.ConcreteGraph addVertex 加入顶点Kevin
2018-05-20 22:16:27  INFO src.graph.ConcreteGraph addEdge 加入边ES
2018-05-20 22:16:27  INFO src.graph.SocialNetwork addEdge 加入边ES
2018-05-20 22:16:27  INFO src.graph.ConcreteGraph addEdge 加入边ES1
2018-05-20 22:16:27  INFO src.graph.SocialNetwork addEdge 加入边ES1
2018-05-20 22:16:27  INFO src.graph.ConcreteGraph addEdge 加入边SE
2018-05-20 22:16:27  INFO src.graph.SocialNetwork addEdge 加入边SE
2018-05-20 22:16:27  INFO src.graph.ConcreteGraph addEdge 加入边EK
2018-05-20 22:16:27  INFO src.graph.SocialNetwork addEdge 加入边EK
2018-05-20 22:16:27  INFO src.graph.ConcreteGraph addEdge 加入边SE1
2018-05-20 22:16:27  INFO src.graph.SocialNetwork addEdge 加入边SE1
2018-05-20 22:16:27  INFO src.graph.ConcreteGraph addVertex 加入顶点Emma
2018-05-20 22:16:27  INFO src.graph.ConcreteGraph addVertex 加入顶点Sophia
2018-05-20 22:16:27  INFO src.graph.ConcreteGraph addVertex 加入顶点Edith
2018-05-20 22:16:27  INFO src.graph.ConcreteGraph addVertex 加入顶点Kevin
2018-05-20 22:16:27  INFO src.graph.ConcreteGraph addEdge 加入边ES
2018-05-20 22:16:27  INFO src.graph.SocialNetwork addEdge 加入边ES
2018-05-20 22:16:27  INFO src.graph.ConcreteGraph addEdge 加入边ES1
2018-05-20 22:16:27  INFO src.graph.SocialNetwork addEdge 加入边ES1
2018-05-20 22:16:27  INFO src.graph.ConcreteGraph addEdge 加入边SE
2018-05-20 22:16:27  INFO src.graph.SocialNetwork addEdge 加入边SE
2018-05-20 22:16:27  INFO src.graph.ConcreteGraph addEdge 加入边EK
2018-05-20 22:16:27  INFO src.graph.SocialNetwork addEdge 加入边EK
2018-05-20 22:16:27  INFO src.graph.ConcreteGraph addEdge 加入边SE1
2018-05-20 22:16:27  INFO src.graph.SocialNetwork addEdge 加入边SE1
2018-05-20 22:16:27  INFO src.graph.ConcreteGraph addVertex 加入顶点Emma
2018-05-20 22:16:27  INFO src.graph.ConcreteGraph addVertex 加入顶点Sophia
2018-05-20 22:16:27  INFO src.graph.ConcreteGraph addVertex 加入顶点Edith
2018-05-20 22:16:27  INFO src.graph.ConcreteGraph addVertex 加入顶点Kevin
2018-05-20 22:16:27  INFO src.graph.ConcreteGraph addEdge 加入边ES
2018-05-20 22:16:27  INFO src.graph.SocialNetwork addEdge 加入边ES
2018-05-20 22:16:27  INFO src.graph.ConcreteGraph addEdge 加入边ES1
2018-05-20 22:16:27  INFO src.graph.SocialNetwork addEdge 加入边ES1
2018-05-20 22:16:27  INFO src.graph.ConcreteGraph addEdge 加入边SE
2018-05-20 22:16:27  INFO src.graph.SocialNetwork addEdge 加入边SE
2018-05-20 22:16:27  INFO src.graph.ConcreteGraph addEdge 加入边EK
2018-05-20 22:16:27  INFO src.graph.SocialNetwork addEdge 加入边EK
2018-05-20 22:16:27  INFO src.graph.ConcreteGraph addEdge 加入边SE1
2018-05-20 22:16:27  INFO src.graph.SocialNetwork addEdge 加入边SE1
2018-05-20 22:16:27  INFO src.graph.ConcreteGraph addVertex 加入顶点Emma
2018-05-20 22:16:27  INFO src.graph.ConcreteGraph addVertex 加入顶点Sophia
2018-05-20 22:16:27  INFO src.graph.ConcreteGraph addVertex 加入顶点Edith
2018-05-20 22:16:27  INFO src.graph.ConcreteGraph addVertex 加入顶点Kevin
2018-05-20 22:16:27  INFO src.graph.ConcreteGraph addEdge 加入边ES
2018-05-20 22:16:27  INFO src.graph.SocialNetwork addEdge 加入边ES
2018-05-20 22:16:27  INFO src.graph.ConcreteGraph addEdge 加入边ES1
2018-05-20 22:16:28  INFO src.graph.SocialNetwork addEdge 加入边ES1
2018-05-20 22:16:28  INFO src.graph.ConcreteGraph addEdge 加入边SE
2018-05-20 22:16:28  INFO src.graph.SocialNetwork addEdge 加入边SE
2018-05-20 22:16:28  INFO src.graph.ConcreteGraph addEdge 加入边EK
2018-05-20 22:16:28  INFO src.graph.SocialNetwork addEdge 加入边EK
2018-05-20 22:16:28  INFO src.graph.ConcreteGraph addEdge 加入边SE1
2018-05-20 22:16:28  INFO src.graph.SocialNetwork addEdge 加入边SE1
2018-05-20 22:16:28  INFO src.graph.SocialNetwork removeVertex 删除顶点Sophia
2018-05-20 22:16:28  INFO src.graph.ConcreteGraph addVertex 加入顶点Emma
2018-05-20 22:16:28  INFO src.graph.ConcreteGraph addVertex 加入顶点Sophia
2018-05-20 22:16:28  INFO src.graph.ConcreteGraph addVertex 加入顶点Edith
2018-05-20 22:16:28  INFO src.graph.ConcreteGraph addVertex 加入顶点Kevin
2018-05-20 22:16:28  INFO src.graph.ConcreteGraph addEdge 加入边ES
2018-05-20 22:16:28  INFO src.graph.SocialNetwork addEdge 加入边ES
2018-05-20 22:16:28  INFO src.graph.ConcreteGraph addEdge 加入边ES1
2018-05-20 22:16:28  INFO src.graph.SocialNetwork addEdge 加入边ES1
2018-05-20 22:16:28  INFO src.graph.ConcreteGraph addEdge 加入边SE
2018-05-20 22:16:28  INFO src.graph.SocialNetwork addEdge 加入边SE
2018-05-20 22:16:28  INFO src.graph.ConcreteGraph addEdge 加入边EK
2018-05-20 22:16:28  INFO src.graph.SocialNetwork addEdge 加入边EK
2018-05-20 22:16:28  INFO src.graph.ConcreteGraph addEdge 加入边SE1
2018-05-20 22:16:28  INFO src.graph.SocialNetwork addEdge 加入边SE1
2018-05-20 22:16:28  INFO src.graph.ConcreteGraph addVertex 加入顶点Emma
2018-05-20 22:16:28  INFO src.graph.ConcreteGraph addVertex 加入顶点Sophia
2018-05-20 22:16:28  INFO src.graph.ConcreteGraph addVertex 加入顶点Edith
2018-05-20 22:16:28  INFO src.graph.ConcreteGraph addVertex 加入顶点Kevin
2018-05-20 22:16:28  INFO src.graph.ConcreteGraph addEdge 加入边ES
2018-05-20 22:16:28  INFO src.graph.SocialNetwork addEdge 加入边ES
2018-05-20 22:16:28  INFO src.graph.ConcreteGraph addEdge 加入边ES1
2018-05-20 22:16:28  INFO src.graph.SocialNetwork addEdge 加入边ES1
2018-05-20 22:16:28  INFO src.graph.ConcreteGraph addEdge 加入边SE
2018-05-20 22:16:28  INFO src.graph.SocialNetwork addEdge 加入边SE
2018-05-20 22:16:28  INFO src.graph.ConcreteGraph addEdge 加入边EK
2018-05-20 22:16:28  INFO src.graph.SocialNetwork addEdge 加入边EK
2018-05-20 22:16:28  INFO src.graph.ConcreteGraph addEdge 加入边SE1
2018-05-20 22:16:28  INFO src.graph.SocialNetwork addEdge 加入边SE1
2018-05-20 22:16:28  INFO src.graph.ConcreteGraph addVertex 加入顶点Emma
2018-05-20 22:16:28  INFO src.graph.ConcreteGraph addVertex 加入顶点Sophia
2018-05-20 22:16:28  INFO src.graph.ConcreteGraph addVertex 加入顶点Edith
2018-05-20 22:16:28  INFO src.graph.ConcreteGraph addVertex 加入顶点Kevin
2018-05-20 22:16:28  INFO src.graph.ConcreteGraph addEdge 加入边ES
2018-05-20 22:16:28  INFO src.graph.SocialNetwork addEdge 加入边ES
2018-05-20 22:16:28  INFO src.graph.ConcreteGraph addEdge 加入边ES1
2018-05-20 22:16:28  INFO src.graph.SocialNetwork addEdge 加入边ES1
2018-05-20 22:16:28  INFO src.graph.ConcreteGraph addEdge 加入边SE
2018-05-20 22:16:28  INFO src.graph.SocialNetwork addEdge 加入边SE
2018-05-20 22:16:28  INFO src.graph.ConcreteGraph addEdge 加入边EK
2018-05-20 22:16:28  INFO src.graph.SocialNetwork addEdge 加入边EK
2018-05-20 22:16:28  INFO src.graph.ConcreteGraph addEdge 加入边SE1
2018-05-20 22:16:28  INFO src.graph.SocialNetwork addEdge 加入边SE1
2018-05-20 22:16:28  INFO src.graph.ConcreteGraph addVertex 加入顶点Emma
2018-05-20 22:16:28  INFO src.graph.ConcreteGraph addVertex 加入顶点Sophia
2018-05-20 22:16:28  INFO src.graph.ConcreteGraph addVertex 加入顶点Edith
2018-05-20 22:16:28  INFO src.graph.ConcreteGraph addVertex 加入顶点Kevin
2018-05-20 22:16:28  INFO src.graph.ConcreteGraph addEdge 加入边ES
2018-05-20 22:16:28  INFO src.graph.SocialNetwork addEdge 加入边ES
2018-05-20 22:16:28  INFO src.graph.ConcreteGraph addEdge 加入边ES1
2018-05-20 22:16:28  INFO src.graph.SocialNetwork addEdge 加入边ES1
2018-05-20 22:16:28  INFO src.graph.ConcreteGraph addEdge 加入边SE
2018-05-20 22:16:28  INFO src.graph.SocialNetwork addEdge 加入边SE
2018-05-20 22:16:28  INFO src.graph.ConcreteGraph addEdge 加入边EK
2018-05-20 22:16:28  INFO src.graph.SocialNetwork addEdge 加入边EK
2018-05-20 22:16:28  INFO src.graph.ConcreteGraph addEdge 加入边SE1
2018-05-20 22:16:28  INFO src.graph.SocialNetwork addEdge 加入边SE1
2018-05-20 22:16:28  INFO src.graph.ConcreteGraph addEdge 加入边asfa
2018-05-20 22:16:28  INFO src.graph.SocialNetwork addEdge 加入边asfa
2018-05-20 22:16:28  INFO src.graph.ConcreteGraph addVertex 加入顶点Emma
2018-05-20 22:16:28  INFO src.graph.ConcreteGraph addVertex 加入顶点Sophia
2018-05-20 22:16:28  INFO src.graph.ConcreteGraph addVertex 加入顶点Edith
2018-05-20 22:16:28  INFO src.graph.ConcreteGraph addVertex 加入顶点Kevin
2018-05-20 22:16:28  INFO src.graph.ConcreteGraph addEdge 加入边ES
2018-05-20 22:16:28  INFO src.graph.SocialNetwork addEdge 加入边ES
2018-05-20 22:16:28  INFO src.graph.ConcreteGraph addEdge 加入边ES1
2018-05-20 22:16:28  INFO src.graph.SocialNetwork addEdge 加入边ES1
2018-05-20 22:16:28  INFO src.graph.ConcreteGraph addEdge 加入边SE
2018-05-20 22:16:28  INFO src.graph.SocialNetwork addEdge 加入边SE
2018-05-20 22:16:28  INFO src.graph.ConcreteGraph addEdge 加入边EK
2018-05-20 22:16:28  INFO src.graph.SocialNetwork addEdge 加入边EK
2018-05-20 22:16:28  INFO src.graph.ConcreteGraph addEdge 加入边SE1
2018-05-20 22:16:28  INFO src.graph.SocialNetwork addEdge 加入边SE1
